<?xml version="1.0" encoding="UTF-8"?>
<testng-results ignored="0" total="1" passed="1" failed="0" skipped="0">
  <reporter-output>
  </reporter-output>
  <suite started-at="2025-11-08T22:09:51 IST" name="Default suite" finished-at="2025-11-08T22:09:52 IST" duration-ms="1052">
    <groups>
    </groups>
    <test started-at="2025-11-08T22:09:51 IST" name="Default test" finished-at="2025-11-08T22:09:52 IST" duration-ms="1052">
      <class name="Days01.SimpleAPITest">
        <test-method signature="getUsers()[pri:0, instance:Days01.SimpleAPITest@20deea7f]" started-at="2025-11-08T22:09:51 IST" name="getUsers" finished-at="2025-11-08T22:09:52 IST" duration-ms="1037" status="PASS">
          <reporter-output>
          </reporter-output>
        </test-method> <!-- getUsers -->
      </class> <!-- Days01.SimpleAPITest -->
    </test> <!-- Default test -->
  </suite> <!-- Default suite -->
</testng-results>
